<?xml version="1.0" encoding="UTF-8"?>
<!-- Generated by org.testng.reporters.JUnitXMLReporter -->
<testsuite hostname="vani-pavani" ignored="0" name="Default test" tests="3" failures="0" timestamp="26 Dec 2018 04:16:50 GMT" time="43.828" errors="0">
  <testcase name="followProfile" time="31.478" classname="com.quintype.twitter.Twitter"/>
  <testcase name="validate" time="3.066" classname="com.quintype.twitter.Twitter"/>
  <testcase name="unfollowAndLogout" time="6.354" classname="com.quintype.twitter.Twitter"/>
</testsuite> <!-- Default test -->
