<?xml version="1.0" encoding="UTF-8"?>
<testng-results skipped="0" failed="0" ignored="0" total="3" passed="3">
  <reporter-output>
  </reporter-output>
  <suite name="Default suite" duration-ms="43828" started-at="2018-12-26T04:16:06Z" finished-at="2018-12-26T04:16:50Z">
    <groups>
    </groups>
    <test name="Default test" duration-ms="43828" started-at="2018-12-26T04:16:06Z" finished-at="2018-12-26T04:16:50Z">
      <class name="com.quintype.twitter.Twitter">
        <test-method status="PASS" signature="setUp()[pri:0, instance:com.quintype.twitter.Twitter@20e2cbe0]" name="setUp" is-config="true" duration-ms="2511" started-at="2018-12-26T04:16:06Z" finished-at="2018-12-26T04:16:08Z">
          <reporter-output>
          </reporter-output>
        </test-method> <!-- setUp -->
        <test-method status="PASS" signature="followProfile()[pri:1, instance:com.quintype.twitter.Twitter@20e2cbe0]" name="followProfile" duration-ms="31478" started-at="2018-12-26T04:16:08Z" finished-at="2018-12-26T04:16:40Z">
          <reporter-output>
          </reporter-output>
        </test-method> <!-- followProfile -->
        <test-method status="PASS" signature="validate()[pri:2, instance:com.quintype.twitter.Twitter@20e2cbe0]" name="validate" duration-ms="3066" started-at="2018-12-26T04:16:40Z" finished-at="2018-12-26T04:16:43Z">
          <reporter-output>
          </reporter-output>
        </test-method> <!-- validate -->
        <test-method status="PASS" signature="unfollowAndLogout()[pri:3, instance:com.quintype.twitter.Twitter@20e2cbe0]" name="unfollowAndLogout" duration-ms="6354" started-at="2018-12-26T04:16:43Z" finished-at="2018-12-26T04:16:49Z">
          <reporter-output>
          </reporter-output>
        </test-method> <!-- unfollowAndLogout -->
        <test-method status="PASS" signature="close()[pri:0, instance:com.quintype.twitter.Twitter@20e2cbe0]" name="close" is-config="true" duration-ms="392" started-at="2018-12-26T04:16:49Z" finished-at="2018-12-26T04:16:50Z">
          <reporter-output>
          </reporter-output>
        </test-method> <!-- close -->
      </class> <!-- com.quintype.twitter.Twitter -->
    </test> <!-- Default test -->
  </suite> <!-- Default suite -->
</testng-results>
